# JRE version: Java(TM) SE Runtime Environment (8.0_191-b12) (build 1.8.0_191-b12)
# Java VM: Java HotSpot(TM) 64-Bit Server VM (25.191-b12 mixed mode linux-amd64 compressed oops)
Heap:
 PSYoungGen      total 425472K, used 29413K [0x00000000d7180000, 0x00000000f2880000, 0x0000000100000000)
  eden space 408576K, 7% used [0x00000000d7180000,0x00000000d8e39500,0x00000000f0080000)
  from space 16896K, 0% used [0x00000000f1100000,0x00000000f1100000,0x00000000f2180000)
  to   space 16896K, 0% used [0x00000000f0080000,0x00000000f0080000,0x00000000f1100000)
 ParOldGen       total 102400K, used 29244K [0x0000000085400000, 0x000000008b800000, 0x00000000d7180000)
  object space 102400K, 28% used [0x0000000085400000,0x000000008708f3d8,0x000000008b800000)
 Metaspace       used 55883K, capacity 59430K, committed 59480K, reserved 1101824K
  class space    used 7446K, capacity 8023K, committed 8064K, reserved 1048576K
GC Heap History (10 events):
Event: 3,201 GC heap before
{Heap before GC invocations=11 (full 2):
 PSYoungGen      total 238080K, used 11251K [0x00000000d7180000, 0x00000000ec980000, 0x0000000100000000)
  eden space 226816K, 0% used [0x00000000d7180000,0x00000000d7180000,0x00000000e4f00000)
  from space 11264K, 99% used [0x00000000e4f00000,0x00000000e59fcd48,0x00000000e5a00000)
  to   space 12800K, 0% used [0x00000000ebd00000,0x00000000ebd00000,0x00000000ec980000)
 ParOldGen       total 46592K, used 8246K [0x0000000085400000, 0x0000000088180000, 0x00000000d7180000)
  object space 46592K, 17% used [0x0000000085400000,0x0000000085c0daf0,0x0000000088180000)
 Metaspace       used 33318K, capacity 35374K, committed 35416K, reserved 1079296K
  class space    used 4325K, capacity 4713K, committed 4736K, reserved 1048576K
Event: 3,270 GC heap after
Heap after GC invocations=11 (full 2):
 PSYoungGen      total 238080K, used 0K [0x00000000d7180000, 0x00000000ec980000, 0x0000000100000000)
  eden space 226816K, 0% used [0x00000000d7180000,0x00000000d7180000,0x00000000e4f00000)
  from space 11264K, 0% used [0x00000000e4f00000,0x00000000e4f00000,0x00000000e5a00000)
  to   space 12800K, 0% used [0x00000000ebd00000,0x00000000ebd00000,0x00000000ec980000)
 ParOldGen       total 71168K, used 17672K [0x0000000085400000, 0x0000000089980000, 0x00000000d7180000)
  object space 71168K, 24% used [0x0000000085400000,0x0000000086542350,0x0000000089980000)
 Metaspace       used 33318K, capacity 35374K, committed 35416K, reserved 1079296K
  class space    used 4325K, capacity 4713K, committed 4736K, reserved 1048576K
}
Event: 4,089 GC heap before
{Heap before GC invocations=12 (full 2):
 PSYoungGen      total 238080K, used 226816K [0x00000000d7180000, 0x00000000ec980000, 0x0000000100000000)
  eden space 226816K, 100% used [0x00000000d7180000,0x00000000e4f00000,0x00000000e4f00000)
  from space 11264K, 0% used [0x00000000e4f00000,0x00000000e4f00000,0x00000000e5a00000)
  to   space 12800K, 0% used [0x00000000ebd00000,0x00000000ebd00000,0x00000000ec980000)
 ParOldGen       total 71168K, used 17672K [0x0000000085400000, 0x0000000089980000, 0x00000000d7180000)
  object space 71168K, 24% used [0x0000000085400000,0x0000000086542350,0x0000000089980000)
 Metaspace       used 44424K, capacity 47018K, committed 47320K, reserved 1089536K
  class space    used 5847K, capacity 6315K, committed 6400K, reserved 1048576K
Event: 4,104 GC heap after
Heap after GC invocations=12 (full 2):
 PSYoungGen      total 320512K, used 12771K [0x00000000d7180000, 0x00000000ec980000, 0x0000000100000000)
  eden space 307712K, 0% used [0x00000000d7180000,0x00000000d7180000,0x00000000e9e00000)
  from space 12800K, 99% used [0x00000000ebd00000,0x00000000ec978f38,0x00000000ec980000)
  to   space 15360K, 0% used [0x00000000eab80000,0x00000000eab80000,0x00000000eba80000)
 ParOldGen       total 71168K, used 20379K [0x0000000085400000, 0x0000000089980000, 0x00000000d7180000)
  object space 71168K, 28% used [0x0000000085400000,0x00000000867e6d68,0x0000000089980000)
 Metaspace       used 44424K, capacity 47018K, committed 47320K, reserved 1089536K
  class space    used 5847K, capacity 6315K, committed 6400K, reserved 1048576K
}
Event: 5,420 GC heap before
{Heap before GC invocations=13 (full 2):
 PSYoungGen      total 320512K, used 320483K [0x00000000d7180000, 0x00000000ec980000, 0x0000000100000000)
  eden space 307712K, 100% used [0x00000000d7180000,0x00000000e9e00000,0x00000000e9e00000)
  from space 12800K, 99% used [0x00000000ebd00000,0x00000000ec978f38,0x00000000ec980000)
  to   space 15360K, 0% used [0x00000000eab80000,0x00000000eab80000,0x00000000eba80000)
 ParOldGen       total 71168K, used 20379K [0x0000000085400000, 0x0000000089980000, 0x00000000d7180000)
  object space 71168K, 28% used [0x0000000085400000,0x00000000867e6d68,0x0000000089980000)
 Metaspace       used 53766K, capacity 57126K, committed 57432K, reserved 1099776K
  class space    used 7190K, capacity 7757K, committed 7808K, reserved 1048576K
Event: 5,438 GC heap after
Heap after GC invocations=13 (full 2):
 PSYoungGen      total 336896K, used 13704K [0x00000000d7180000, 0x00000000f2180000, 0x0000000100000000)
  eden space 321536K, 0% used [0x00000000d7180000,0x00000000d7180000,0x00000000eab80000)
  from space 15360K, 89% used [0x00000000eab80000,0x00000000eb8e22c8,0x00000000eba80000)
  to   space 16896K, 0% used [0x00000000f1100000,0x00000000f1100000,0x00000000f2180000)
 ParOldGen       total 71168K, used 27481K [0x0000000085400000, 0x0000000089980000, 0x00000000d7180000)
  object space 71168K, 38% used [0x0000000085400000,0x0000000086ed65b8,0x0000000089980000)
 Metaspace       used 53766K, capacity 57126K, committed 57432K, reserved 1099776K
  class space    used 7190K, capacity 7757K, committed 7808K, reserved 1048576K
}
Event: 7,999 GC heap before
{Heap before GC invocations=14 (full 2):
 PSYoungGen      total 336896K, used 167037K [0x00000000d7180000, 0x00000000f2180000, 0x0000000100000000)
  eden space 321536K, 47% used [0x00000000d7180000,0x00000000e073d1c8,0x00000000eab80000)
  from space 15360K, 89% used [0x00000000eab80000,0x00000000eb8e22c8,0x00000000eba80000)
  to   space 16896K, 0% used [0x00000000f1100000,0x00000000f1100000,0x00000000f2180000)
 ParOldGen       total 71168K, used 27481K [0x0000000085400000, 0x0000000089980000, 0x00000000d7180000)
  object space 71168K, 38% used [0x0000000085400000,0x0000000086ed65b8,0x0000000089980000)
 Metaspace       used 55369K, capacity 58818K, committed 58968K, reserved 1099776K
  class space    used 7346K, capacity 7939K, committed 8064K, reserved 1048576K
Event: 8,016 GC heap after
Heap after GC invocations=14 (full 2):
 PSYoungGen      total 425472K, used 3672K [0x00000000d7180000, 0x00000000f2880000, 0x0000000100000000)
  eden space 408576K, 0% used [0x00000000d7180000,0x00000000d7180000,0x00000000f0080000)
  from space 16896K, 21% used [0x00000000f1100000,0x00000000f14960f8,0x00000000f2180000)
  to   space 16896K, 0% used [0x00000000f0080000,0x00000000f0080000,0x00000000f1100000)
 ParOldGen       total 71168K, used 33748K [0x0000000085400000, 0x0000000089980000, 0x00000000d7180000)
  object space 71168K, 47% used [0x0000000085400000,0x00000000874f51b0,0x0000000089980000)
 Metaspace       used 55369K, capacity 58818K, committed 58968K, reserved 1099776K
  class space    used 7346K, capacity 7939K, committed 8064K, reserved 1048576K
}
Event: 8,016 GC heap before
{Heap before GC invocations=15 (full 3):
 PSYoungGen      total 425472K, used 3672K [0x00000000d7180000, 0x00000000f2880000, 0x0000000100000000)
  eden space 408576K, 0% used [0x00000000d7180000,0x00000000d7180000,0x00000000f0080000)
  from space 16896K, 21% used [0x00000000f1100000,0x00000000f14960f8,0x00000000f2180000)
  to   space 16896K, 0% used [0x00000000f0080000,0x00000000f0080000,0x00000000f1100000)
 ParOldGen       total 71168K, used 33748K [0x0000000085400000, 0x0000000089980000, 0x00000000d7180000)
  object space 71168K, 47% used [0x0000000085400000,0x00000000874f51b0,0x0000000089980000)
 Metaspace       used 55369K, capacity 58818K, committed 58968K, reserved 1099776K
  class space    used 7346K, capacity 7939K, committed 8064K, reserved 1048576K
Event: 8,166 GC heap after
Heap after GC invocations=15 (full 3):
 PSYoungGen      total 425472K, used 0K [0x00000000d7180000, 0x00000000f2880000, 0x0000000100000000)
  eden space 408576K, 0% used [0x00000000d7180000,0x00000000d7180000,0x00000000f0080000)
  from space 16896K, 0% used [0x00000000f1100000,0x00000000f1100000,0x00000000f2180000)
  to   space 16896K, 0% used [0x00000000f0080000,0x00000000f0080000,0x00000000f1100000)
 ParOldGen       total 102400K, used 29244K [0x0000000085400000, 0x000000008b800000, 0x00000000d7180000)
  object space 102400K, 28% used [0x0000000085400000,0x000000008708f3d8,0x000000008b800000)
 Metaspace       used 55369K, capacity 58818K, committed 58968K, reserved 1099776K
  class space    used 7346K, capacity 7939K, committed 8064K, reserved 1048576K
}

